<?xml version="1.0" encoding="UTF-8"?>
<!-- Generated by org.testng.reporters.JUnitXMLReporter -->
<testsuite ignored="0" hostname="DESKTOP-9IKC5SP" failures="0" tests="14" name="Surefire test" time="185.418" errors="0" timestamp="29 Oct 2023 11:05:31 GMT">
  <testcase classname="com.hrms.qa.testcases.HomePageTest" name="verifyPageTitle" time="0.034"/>
  <testcase classname="com.hrms.qa.testcases.LoginPageTest" name="validateLoginPageTitle" time="0.007"/>
  <testcase classname="com.hrms.qa.testcases.PIMPageTest" name="verifyNameTextBoxes" time="0.132"/>
  <testcase classname="com.hrms.qa.testcases.HomePageTest" name="verifyUsername" time="0.09"/>
  <testcase classname="com.hrms.qa.testcases.LoginPageTest" name="validateIntroTxt" time="0.037"/>
  <testcase classname="com.hrms.qa.testcases.PIMPageTest" name="verifySaveButton" time="0.077"/>
  <testcase classname="com.hrms.qa.testcases.HomePageTest" name="verifyAdminLink" time="0.869"/>
  <testcase classname="com.hrms.qa.testcases.LoginPageTest" name="loginTest" time="3.741"/>
  <testcase classname="com.hrms.qa.testcases.PIMPageTest" name="verifyAddEmployee" time="4.096"/>
  <testcase classname="com.hrms.qa.testcases.PIMPageTest" name="verifyAddEmployee" time="2.884"/>
  <testcase classname="com.hrms.qa.testcases.PIMPageTest" name="verifyAddEmployee" time="3.064"/>
  <testcase classname="com.hrms.qa.testcases.HomePageTest" name="verifyPimLink" time="0.925"/>
  <testcase classname="com.hrms.qa.testcases.HomePageTest" name="verifyLeaveLink" time="1.236"/>
  <testcase classname="com.hrms.qa.testcases.HomePageTest" name="verifClickCheckBox" time="10.624"/>
</testsuite> <!-- Surefire test -->
