<?xml version="1.0" encoding="UTF-8"?>
<!-- Generated by org.testng.reporters.JUnitXMLReporter -->
<testsuite ignored="0" hostname="DESKTOP-9IKC5SP" failures="0" tests="3" name="Default test" time="17.904" errors="0" timestamp="29 Oct 2023 10:59:32 GMT">
  <testcase classname="com.hrms.qa.testcases.LoginPageTest" name="validateLoginPageTitle" time="0.013"/>
  <testcase classname="com.hrms.qa.testcases.LoginPageTest" name="validateIntroTxt" time="0.057"/>
  <testcase classname="com.hrms.qa.testcases.LoginPageTest" name="loginTest" time="4.14"/>
</testsuite> <!-- Default test -->
