<?xml version="1.0" encoding="UTF-8"?>
<!-- Generated by org.testng.reporters.JUnitXMLReporter -->
<testsuite ignored="0" hostname="DESKTOP-9IKC5SP" failures="0" tests="14" name="HRMS Test Case1" time="184.593" errors="0" timestamp="29 Oct 2023 11:38:15 GMT">
  <testcase classname="com.hrms.qa.testcases.LoginPageTest" name="validateLoginPageTitle" time="0.014"/>
  <testcase classname="com.hrms.qa.testcases.HomePageTest" name="verifyPageTitle" time="0.026"/>
  <testcase classname="com.hrms.qa.testcases.PIMPageTest" name="verifyNameTextBoxes" time="0.162"/>
  <testcase classname="com.hrms.qa.testcases.LoginPageTest" name="validateIntroTxt" time="0.047"/>
  <testcase classname="com.hrms.qa.testcases.HomePageTest" name="verifyUsername" time="0.07"/>
  <testcase classname="com.hrms.qa.testcases.PIMPageTest" name="verifySaveButton" time="0.094"/>
  <testcase classname="com.hrms.qa.testcases.LoginPageTest" name="loginTest" time="4.442"/>
  <testcase classname="com.hrms.qa.testcases.HomePageTest" name="verifyAdminLink" time="0.737"/>
  <testcase classname="com.hrms.qa.testcases.PIMPageTest" name="verifyAddEmployee" time="3.195"/>
  <testcase classname="com.hrms.qa.testcases.PIMPageTest" name="verifyAddEmployee" time="3.159"/>
  <testcase classname="com.hrms.qa.testcases.PIMPageTest" name="verifyAddEmployee" time="2.896"/>
  <testcase classname="com.hrms.qa.testcases.HomePageTest" name="verifyPimLink" time="0.793"/>
  <testcase classname="com.hrms.qa.testcases.HomePageTest" name="verifyLeaveLink" time="1.242"/>
  <testcase classname="com.hrms.qa.testcases.HomePageTest" name="verifClickCheckBox" time="10.814"/>
</testsuite> <!-- HRMS Test Case1 -->
