<?xml version="1.0" encoding="UTF-8"?>
<!-- Generated by org.testng.reporters.JUnitXMLReporter -->
<testsuite ignored="0" hostname="DESKTOP-9IKC5SP" failures="0" tests="14" name="HRMS Test Case1" time="257.857" errors="0" timestamp="25 Mar 2024 12:15:58 GMT">
  <testcase classname="com.hrms.qa.testcases.LoginPageTest" name="validateLoginPageTitle" time="0.024"/>
  <testcase classname="com.hrms.qa.testcases.HomePageTest" name="verifyPageTitle" time="0.028"/>
  <testcase classname="com.hrms.qa.testcases.PIMPageTest" name="verifyNameTextBoxes" time="0.205"/>
  <testcase classname="com.hrms.qa.testcases.LoginPageTest" name="validateIntroTxt" time="0.108"/>
  <testcase classname="com.hrms.qa.testcases.HomePageTest" name="verifyUsername" time="0.115"/>
  <testcase classname="com.hrms.qa.testcases.PIMPageTest" name="verifySaveButton" time="0.161"/>
  <testcase classname="com.hrms.qa.testcases.LoginPageTest" name="loginTest" time="5.845"/>
  <testcase classname="com.hrms.qa.testcases.HomePageTest" name="verifyAdminLink" time="1.55"/>
  <testcase classname="com.hrms.qa.testcases.PIMPageTest" name="verifyAddEmployee" time="4.787"/>
  <testcase classname="com.hrms.qa.testcases.PIMPageTest" name="verifyAddEmployee" time="4.15"/>
  <testcase classname="com.hrms.qa.testcases.PIMPageTest" name="verifyAddEmployee" time="4.674"/>
  <testcase classname="com.hrms.qa.testcases.HomePageTest" name="verifyPimLink" time="1.122"/>
  <testcase classname="com.hrms.qa.testcases.HomePageTest" name="verifyLeaveLink" time="2.934"/>
  <testcase classname="com.hrms.qa.testcases.HomePageTest" name="verifClickCheckBox" time="12.819"/>
</testsuite> <!-- HRMS Test Case1 -->
