<?xml version="1.0" encoding="UTF-8"?>
<!-- Generated by org.testng.reporters.JUnitXMLReporter -->
<testsuite ignored="0" hostname="DESKTOP-9IKC5SP" failures="1" tests="3" name="HRMS Test Case1" time="4.346" errors="0" timestamp="22 Oct 2023 09:49:10 GMT">
  <testcase classname="com.hrms.qa.testcases.LoginPageTest" name="validateLoginPageTitle" time="0.03">
    <failure type="java.lang.AssertionError" message="expected [OrangeHRM - New Level of HR Management] but found [OrangeHRM]">
      <![CDATA[java.lang.AssertionError: expected [OrangeHRM - New Level of HR Management] but found [OrangeHRM]
	at com.hrms.qa.testcases.LoginPageTest.validateLoginPageTitle(LoginPageTest.java:42)
	at java.base/java.util.concurrent.FutureTask.run(FutureTask.java:264)
	at java.base/java.util.concurrent.ThreadPoolExecutor.runWorker(ThreadPoolExecutor.java:1136)
	at java.base/java.util.concurrent.ThreadPoolExecutor$Worker.run(ThreadPoolExecutor.java:635)
	at java.base/java.lang.Thread.run(Thread.java:833)
... Removed 20 stack frames]]>
    </failure>
  </testcase> <!-- validateLoginPageTitle -->
  <testcase classname="com.hrms.qa.testcases.LoginPageTest" name="validateIntroTxt" time="0.095"/>
  <testcase classname="com.hrms.qa.testcases.LoginPageTest" name="loginTest" time="4.19"/>
</testsuite> <!-- HRMS Test Case1 -->
