<?xml version="1.0" encoding="UTF-8"?>
<!-- Generated by org.testng.reporters.JUnitXMLReporter -->
<testsuite ignored="0" hostname="DESKTOP-9IKC5SP" failures="0" tests="3" name="HRMS Test Case3" time="2.721" errors="0" timestamp="22 Oct 2023 09:49:08 GMT">
  <testcase classname="com.hrms.qa.testcases.PIMPageTest" name="verifyNameTextBoxes" time="0.499"/>
  <testcase classname="com.hrms.qa.testcases.PIMPageTest" name="verifySaveButton" time="0.198"/>
  <testcase classname="com.hrms.qa.testcases.PIMPageTest" name="verifyAddEmployee" time="2.003"/>
</testsuite> <!-- HRMS Test Case3 -->
