<?xml version="1.0" encoding="UTF-8"?>
<testng-results ignored="0" total="14" passed="14" failed="0" skipped="0">
  <reporter-output>
  </reporter-output>
  <suite started-at="2023-10-29T11:02:26Z" name="Surefire suite" finished-at="2023-10-29T11:05:31Z" duration-ms="185418">
    <groups>
    </groups>
    <test started-at="2023-10-29T11:02:26Z" name="Surefire test" finished-at="2023-10-29T11:05:31Z" duration-ms="185418">
      <class name="com.hrms.qa.testcases.PIMPageTest">
        <test-method is-config="true" signature="setUp()[pri:0, instance:com.hrms.qa.testcases.PIMPageTest@6ee12bac]" started-at="2023-10-29T16:32:43Z" name="setUp" finished-at="2023-10-29T16:32:56Z" duration-ms="13073" status="PASS">
          <reporter-output>
          </reporter-output>
        </test-method> <!-- setUp -->
        <test-method signature="verifyNameTextBoxes()[pri:1, instance:com.hrms.qa.testcases.PIMPageTest@6ee12bac]" started-at="2023-10-29T16:32:56Z" name="verifyNameTextBoxes" finished-at="2023-10-29T16:32:56Z" duration-ms="132" status="PASS">
          <reporter-output>
          </reporter-output>
        </test-method> <!-- verifyNameTextBoxes -->
        <test-method is-config="true" signature="tearDown()[pri:0, instance:com.hrms.qa.testcases.PIMPageTest@6ee12bac]" started-at="2023-10-29T16:32:56Z" name="tearDown" finished-at="2023-10-29T16:32:58Z" duration-ms="2241" status="PASS">
          <reporter-output>
          </reporter-output>
        </test-method> <!-- tearDown -->
        <test-method is-config="true" signature="setUp()[pri:0, instance:com.hrms.qa.testcases.PIMPageTest@6ee12bac]" started-at="2023-10-29T16:33:12Z" name="setUp" finished-at="2023-10-29T16:33:26Z" duration-ms="13808" status="PASS">
          <reporter-output>
          </reporter-output>
        </test-method> <!-- setUp -->
        <test-method signature="verifySaveButton()[pri:2, instance:com.hrms.qa.testcases.PIMPageTest@6ee12bac]" started-at="2023-10-29T16:33:26Z" name="verifySaveButton" finished-at="2023-10-29T16:33:26Z" duration-ms="77" status="PASS">
          <reporter-output>
          </reporter-output>
        </test-method> <!-- verifySaveButton -->
        <test-method is-config="true" signature="tearDown()[pri:0, instance:com.hrms.qa.testcases.PIMPageTest@6ee12bac]" started-at="2023-10-29T16:33:26Z" name="tearDown" finished-at="2023-10-29T16:33:29Z" duration-ms="2252" status="PASS">
          <reporter-output>
          </reporter-output>
        </test-method> <!-- tearDown -->
        <test-method is-config="true" signature="setUp()[pri:0, instance:com.hrms.qa.testcases.PIMPageTest@6ee12bac]" started-at="2023-10-29T16:33:48Z" name="setUp" finished-at="2023-10-29T16:34:02Z" duration-ms="13674" status="PASS">
          <reporter-output>
          </reporter-output>
        </test-method> <!-- setUp -->
        <test-method signature="verifyAddEmployee(java.lang.String, java.lang.String)[pri:3, instance:com.hrms.qa.testcases.PIMPageTest@6ee12bac]" started-at="2023-10-29T16:34:02Z" name="verifyAddEmployee" data-provider="getHrmsTestData" finished-at="2023-10-29T16:34:06Z" duration-ms="4096" status="PASS">
          <params>
            <param index="0">
              <value>
                <![CDATA[Tom]]>
              </value>
            </param>
            <param index="1">
              <value>
                <![CDATA[Peter]]>
              </value>
            </param>
          </params>
          <reporter-output>
          </reporter-output>
        </test-method> <!-- verifyAddEmployee -->
        <test-method is-config="true" signature="tearDown()[pri:0, instance:com.hrms.qa.testcases.PIMPageTest@6ee12bac]" started-at="2023-10-29T16:34:06Z" name="tearDown" finished-at="2023-10-29T16:34:09Z" duration-ms="2280" status="PASS">
          <reporter-output>
          </reporter-output>
        </test-method> <!-- tearDown -->
        <test-method is-config="true" signature="setUp()[pri:0, instance:com.hrms.qa.testcases.PIMPageTest@6ee12bac]" started-at="2023-10-29T16:34:09Z" name="setUp" finished-at="2023-10-29T16:34:23Z" duration-ms="14363" status="PASS">
          <reporter-output>
          </reporter-output>
        </test-method> <!-- setUp -->
        <test-method signature="verifyAddEmployee(java.lang.String, java.lang.String)[pri:3, instance:com.hrms.qa.testcases.PIMPageTest@6ee12bac]" started-at="2023-10-29T16:34:23Z" name="verifyAddEmployee" data-provider="getHrmsTestData" finished-at="2023-10-29T16:34:26Z" duration-ms="2884" status="PASS">
          <params>
            <param index="0">
              <value>
                <![CDATA[David]]>
              </value>
            </param>
            <param index="1">
              <value>
                <![CDATA[Cris]]>
              </value>
            </param>
          </params>
          <reporter-output>
          </reporter-output>
        </test-method> <!-- verifyAddEmployee -->
        <test-method is-config="true" signature="tearDown()[pri:0, instance:com.hrms.qa.testcases.PIMPageTest@6ee12bac]" started-at="2023-10-29T16:34:26Z" name="tearDown" finished-at="2023-10-29T16:34:28Z" duration-ms="2334" status="PASS">
          <reporter-output>
          </reporter-output>
        </test-method> <!-- tearDown -->
        <test-method is-config="true" signature="setUp()[pri:0, instance:com.hrms.qa.testcases.PIMPageTest@6ee12bac]" started-at="2023-10-29T16:34:28Z" name="setUp" finished-at="2023-10-29T16:34:42Z" duration-ms="13985" status="PASS">
          <reporter-output>
          </reporter-output>
        </test-method> <!-- setUp -->
        <test-method signature="verifyAddEmployee(java.lang.String, java.lang.String)[pri:3, instance:com.hrms.qa.testcases.PIMPageTest@6ee12bac]" started-at="2023-10-29T16:34:42Z" name="verifyAddEmployee" data-provider="getHrmsTestData" finished-at="2023-10-29T16:34:45Z" duration-ms="3064" status="PASS">
          <params>
            <param index="0">
              <value>
                <![CDATA[Mukta]]>
              </value>
            </param>
            <param index="1">
              <value>
                <![CDATA[Sharma]]>
              </value>
            </param>
          </params>
          <reporter-output>
          </reporter-output>
        </test-method> <!-- verifyAddEmployee -->
        <test-method is-config="true" signature="tearDown()[pri:0, instance:com.hrms.qa.testcases.PIMPageTest@6ee12bac]" started-at="2023-10-29T16:34:45Z" name="tearDown" finished-at="2023-10-29T16:34:47Z" duration-ms="2250" status="PASS">
          <reporter-output>
          </reporter-output>
        </test-method> <!-- tearDown -->
      </class> <!-- com.hrms.qa.testcases.PIMPageTest -->
      <class name="com.hrms.qa.testcases.LoginPageTest">
        <test-method is-config="true" signature="setUp()[pri:0, instance:com.hrms.qa.testcases.LoginPageTest@157632c9]" started-at="2023-10-29T16:32:39Z" name="setUp" finished-at="2023-10-29T16:32:42Z" duration-ms="3765" status="PASS">
          <reporter-output>
          </reporter-output>
        </test-method> <!-- setUp -->
        <test-method signature="validateLoginPageTitle()[pri:1, instance:com.hrms.qa.testcases.LoginPageTest@157632c9]" started-at="2023-10-29T16:32:42Z" name="validateLoginPageTitle" finished-at="2023-10-29T16:32:42Z" duration-ms="7" status="PASS">
          <reporter-output>
          </reporter-output>
        </test-method> <!-- validateLoginPageTitle -->
        <test-method is-config="true" signature="tearDown()[pri:0, instance:com.hrms.qa.testcases.LoginPageTest@157632c9]" started-at="2023-10-29T16:32:42Z" name="tearDown" finished-at="2023-10-29T16:32:43Z" duration-ms="178" status="PASS">
          <reporter-output>
          </reporter-output>
        </test-method> <!-- tearDown -->
        <test-method is-config="true" signature="setUp()[pri:0, instance:com.hrms.qa.testcases.LoginPageTest@157632c9]" started-at="2023-10-29T16:33:08Z" name="setUp" finished-at="2023-10-29T16:33:12Z" duration-ms="3789" status="PASS">
          <reporter-output>
          </reporter-output>
        </test-method> <!-- setUp -->
        <test-method signature="validateIntroTxt()[pri:2, instance:com.hrms.qa.testcases.LoginPageTest@157632c9]" started-at="2023-10-29T16:33:12Z" name="validateIntroTxt" finished-at="2023-10-29T16:33:12Z" duration-ms="37" status="PASS">
          <reporter-output>
          </reporter-output>
        </test-method> <!-- validateIntroTxt -->
        <test-method is-config="true" signature="tearDown()[pri:0, instance:com.hrms.qa.testcases.LoginPageTest@157632c9]" started-at="2023-10-29T16:33:12Z" name="tearDown" finished-at="2023-10-29T16:33:12Z" duration-ms="178" status="PASS">
          <reporter-output>
          </reporter-output>
        </test-method> <!-- tearDown -->
        <test-method is-config="true" signature="setUp()[pri:0, instance:com.hrms.qa.testcases.LoginPageTest@157632c9]" started-at="2023-10-29T16:33:40Z" name="setUp" finished-at="2023-10-29T16:33:44Z" duration-ms="3876" status="PASS">
          <reporter-output>
          </reporter-output>
        </test-method> <!-- setUp -->
        <test-method signature="loginTest()[pri:3, instance:com.hrms.qa.testcases.LoginPageTest@157632c9]" started-at="2023-10-29T16:33:44Z" name="loginTest" finished-at="2023-10-29T16:33:47Z" duration-ms="3741" status="PASS">
          <reporter-output>
          </reporter-output>
        </test-method> <!-- loginTest -->
        <test-method is-config="true" signature="tearDown()[pri:0, instance:com.hrms.qa.testcases.LoginPageTest@157632c9]" started-at="2023-10-29T16:33:47Z" name="tearDown" finished-at="2023-10-29T16:33:48Z" duration-ms="200" status="PASS">
          <reporter-output>
          </reporter-output>
        </test-method> <!-- tearDown -->
      </class> <!-- com.hrms.qa.testcases.LoginPageTest -->
      <class name="com.hrms.qa.testcases.HomePageTest">
        <test-method is-config="true" signature="setUp()[pri:0, instance:com.hrms.qa.testcases.HomePageTest@36f0f1be]" started-at="2023-10-29T16:32:26Z" name="setUp" finished-at="2023-10-29T16:32:36Z" duration-ms="10391" status="PASS">
          <reporter-output>
          </reporter-output>
        </test-method> <!-- setUp -->
        <test-method signature="verifyPageTitle()[pri:1, instance:com.hrms.qa.testcases.HomePageTest@36f0f1be]" started-at="2023-10-29T16:32:36Z" name="verifyPageTitle" finished-at="2023-10-29T16:32:36Z" duration-ms="34" status="PASS">
          <reporter-output>
          </reporter-output>
        </test-method> <!-- verifyPageTitle -->
        <test-method is-config="true" signature="tearDown()[pri:0, instance:com.hrms.qa.testcases.HomePageTest@36f0f1be]" started-at="2023-10-29T16:32:36Z" name="tearDown" finished-at="2023-10-29T16:32:39Z" duration-ms="2343" status="PASS">
          <reporter-output>
          </reporter-output>
        </test-method> <!-- tearDown -->
        <test-method is-config="true" signature="setUp()[pri:0, instance:com.hrms.qa.testcases.HomePageTest@36f0f1be]" started-at="2023-10-29T16:32:58Z" name="setUp" finished-at="2023-10-29T16:33:06Z" duration-ms="8035" status="PASS">
          <reporter-output>
          </reporter-output>
        </test-method> <!-- setUp -->
        <test-method signature="verifyUsername()[pri:2, instance:com.hrms.qa.testcases.HomePageTest@36f0f1be]" started-at="2023-10-29T16:33:06Z" name="verifyUsername" finished-at="2023-10-29T16:33:06Z" duration-ms="90" status="PASS">
          <reporter-output>
          </reporter-output>
        </test-method> <!-- verifyUsername -->
        <test-method is-config="true" signature="tearDown()[pri:0, instance:com.hrms.qa.testcases.HomePageTest@36f0f1be]" started-at="2023-10-29T16:33:06Z" name="tearDown" finished-at="2023-10-29T16:33:08Z" duration-ms="2301" status="PASS">
          <reporter-output>
          </reporter-output>
        </test-method> <!-- tearDown -->
        <test-method is-config="true" signature="setUp()[pri:0, instance:com.hrms.qa.testcases.HomePageTest@36f0f1be]" started-at="2023-10-29T16:33:29Z" name="setUp" finished-at="2023-10-29T16:33:37Z" duration-ms="8123" status="PASS">
          <reporter-output>
          </reporter-output>
        </test-method> <!-- setUp -->
        <test-method signature="verifyAdminLink()[pri:3, instance:com.hrms.qa.testcases.HomePageTest@36f0f1be]" started-at="2023-10-29T16:33:37Z" name="verifyAdminLink" finished-at="2023-10-29T16:33:38Z" duration-ms="869" status="PASS">
          <reporter-output>
          </reporter-output>
        </test-method> <!-- verifyAdminLink -->
        <test-method is-config="true" signature="tearDown()[pri:0, instance:com.hrms.qa.testcases.HomePageTest@36f0f1be]" started-at="2023-10-29T16:33:38Z" name="tearDown" finished-at="2023-10-29T16:33:40Z" duration-ms="2293" status="PASS">
          <reporter-output>
          </reporter-output>
        </test-method> <!-- tearDown -->
        <test-method is-config="true" signature="setUp()[pri:0, instance:com.hrms.qa.testcases.HomePageTest@36f0f1be]" started-at="2023-10-29T16:34:47Z" name="setUp" finished-at="2023-10-29T16:34:56Z" duration-ms="8349" status="PASS">
          <reporter-output>
          </reporter-output>
        </test-method> <!-- setUp -->
        <test-method signature="verifyPimLink()[pri:4, instance:com.hrms.qa.testcases.HomePageTest@36f0f1be]" started-at="2023-10-29T16:34:56Z" name="verifyPimLink" finished-at="2023-10-29T16:34:57Z" duration-ms="925" status="PASS">
          <reporter-output>
          </reporter-output>
        </test-method> <!-- verifyPimLink -->
        <test-method is-config="true" signature="tearDown()[pri:0, instance:com.hrms.qa.testcases.HomePageTest@36f0f1be]" started-at="2023-10-29T16:34:57Z" name="tearDown" finished-at="2023-10-29T16:34:59Z" duration-ms="2260" status="PASS">
          <reporter-output>
          </reporter-output>
        </test-method> <!-- tearDown -->
        <test-method is-config="true" signature="setUp()[pri:0, instance:com.hrms.qa.testcases.HomePageTest@36f0f1be]" started-at="2023-10-29T16:34:59Z" name="setUp" finished-at="2023-10-29T16:35:07Z" duration-ms="7886" status="PASS">
          <reporter-output>
          </reporter-output>
        </test-method> <!-- setUp -->
        <test-method signature="verifyLeaveLink()[pri:5, instance:com.hrms.qa.testcases.HomePageTest@36f0f1be]" started-at="2023-10-29T16:35:07Z" name="verifyLeaveLink" finished-at="2023-10-29T16:35:08Z" duration-ms="1236" status="PASS">
          <reporter-output>
          </reporter-output>
        </test-method> <!-- verifyLeaveLink -->
        <test-method is-config="true" signature="tearDown()[pri:0, instance:com.hrms.qa.testcases.HomePageTest@36f0f1be]" started-at="2023-10-29T16:35:08Z" name="tearDown" finished-at="2023-10-29T16:35:10Z" duration-ms="2262" status="PASS">
          <reporter-output>
          </reporter-output>
        </test-method> <!-- tearDown -->
        <test-method is-config="true" signature="setUp()[pri:0, instance:com.hrms.qa.testcases.HomePageTest@36f0f1be]" started-at="2023-10-29T16:35:10Z" name="setUp" finished-at="2023-10-29T16:35:18Z" duration-ms="7944" status="PASS">
          <reporter-output>
          </reporter-output>
        </test-method> <!-- setUp -->
        <test-method signature="verifClickCheckBox()[pri:6, instance:com.hrms.qa.testcases.HomePageTest@36f0f1be]" started-at="2023-10-29T16:35:18Z" name="verifClickCheckBox" finished-at="2023-10-29T16:35:29Z" duration-ms="10624" status="PASS">
          <reporter-output>
          </reporter-output>
        </test-method> <!-- verifClickCheckBox -->
        <test-method is-config="true" signature="tearDown()[pri:0, instance:com.hrms.qa.testcases.HomePageTest@36f0f1be]" started-at="2023-10-29T16:35:29Z" name="tearDown" finished-at="2023-10-29T16:35:31Z" duration-ms="2312" status="PASS">
          <reporter-output>
          </reporter-output>
        </test-method> <!-- tearDown -->
      </class> <!-- com.hrms.qa.testcases.HomePageTest -->
    </test> <!-- Surefire test -->
  </suite> <!-- Surefire suite -->
</testng-results>
