<?xml version="1.0" encoding="UTF-8"?>
<testng-results ignored="0" total="14" passed="14" failed="0" skipped="0">
  <reporter-output>
  </reporter-output>
  <suite started-at="2024-03-25T12:11:40Z" name="HRMS Test Suite" finished-at="2024-03-25T12:15:58Z" duration-ms="257857">
    <groups>
    </groups>
    <test started-at="2024-03-25T12:11:40Z" name="HRMS Test Case1" finished-at="2024-03-25T12:15:58Z" duration-ms="257857">
      <class name="com.hrms.qa.testcases.PIMPageTest">
        <test-method is-config="true" signature="setUp()[pri:0, instance:com.hrms.qa.testcases.PIMPageTest@7ce3cb8e]" started-at="2024-03-25T17:42:05Z" name="setUp" finished-at="2024-03-25T17:42:30Z" duration-ms="24800" status="PASS">
          <reporter-output>
          </reporter-output>
        </test-method> <!-- setUp -->
        <test-method signature="verifyNameTextBoxes()[pri:1, instance:com.hrms.qa.testcases.PIMPageTest@7ce3cb8e]" started-at="2024-03-25T17:42:30Z" name="verifyNameTextBoxes" finished-at="2024-03-25T17:42:30Z" duration-ms="205" status="PASS">
          <reporter-output>
          </reporter-output>
        </test-method> <!-- verifyNameTextBoxes -->
        <test-method is-config="true" signature="tearDown()[pri:0, instance:com.hrms.qa.testcases.PIMPageTest@7ce3cb8e]" started-at="2024-03-25T17:42:30Z" name="tearDown" finished-at="2024-03-25T17:42:32Z" duration-ms="2458" status="PASS">
          <reporter-output>
          </reporter-output>
        </test-method> <!-- tearDown -->
        <test-method is-config="true" signature="setUp()[pri:0, instance:com.hrms.qa.testcases.PIMPageTest@7ce3cb8e]" started-at="2024-03-25T17:42:57Z" name="setUp" finished-at="2024-03-25T17:43:16Z" duration-ms="18826" status="PASS">
          <reporter-output>
          </reporter-output>
        </test-method> <!-- setUp -->
        <test-method signature="verifySaveButton()[pri:2, instance:com.hrms.qa.testcases.PIMPageTest@7ce3cb8e]" started-at="2024-03-25T17:43:16Z" name="verifySaveButton" finished-at="2024-03-25T17:43:16Z" duration-ms="161" status="PASS">
          <reporter-output>
          </reporter-output>
        </test-method> <!-- verifySaveButton -->
        <test-method is-config="true" signature="tearDown()[pri:0, instance:com.hrms.qa.testcases.PIMPageTest@7ce3cb8e]" started-at="2024-03-25T17:43:16Z" name="tearDown" finished-at="2024-03-25T17:43:19Z" duration-ms="2461" status="PASS">
          <reporter-output>
          </reporter-output>
        </test-method> <!-- tearDown -->
        <test-method is-config="true" signature="setUp()[pri:0, instance:com.hrms.qa.testcases.PIMPageTest@7ce3cb8e]" started-at="2024-03-25T17:43:46Z" name="setUp" finished-at="2024-03-25T17:44:04Z" duration-ms="18579" status="PASS">
          <reporter-output>
          </reporter-output>
        </test-method> <!-- setUp -->
        <test-method signature="verifyAddEmployee(java.lang.String, java.lang.String)[pri:3, instance:com.hrms.qa.testcases.PIMPageTest@7ce3cb8e]" started-at="2024-03-25T17:44:04Z" name="verifyAddEmployee" data-provider="getHrmsTestData" finished-at="2024-03-25T17:44:09Z" duration-ms="4787" status="PASS">
          <params>
            <param index="0">
              <value>
                <![CDATA[Tom]]>
              </value>
            </param>
            <param index="1">
              <value>
                <![CDATA[Peter]]>
              </value>
            </param>
          </params>
          <reporter-output>
          </reporter-output>
        </test-method> <!-- verifyAddEmployee -->
        <test-method is-config="true" signature="tearDown()[pri:0, instance:com.hrms.qa.testcases.PIMPageTest@7ce3cb8e]" started-at="2024-03-25T17:44:09Z" name="tearDown" finished-at="2024-03-25T17:44:11Z" duration-ms="2337" status="PASS">
          <reporter-output>
          </reporter-output>
        </test-method> <!-- tearDown -->
        <test-method is-config="true" signature="setUp()[pri:0, instance:com.hrms.qa.testcases.PIMPageTest@7ce3cb8e]" started-at="2024-03-25T17:44:11Z" name="setUp" finished-at="2024-03-25T17:44:29Z" duration-ms="17788" status="PASS">
          <reporter-output>
          </reporter-output>
        </test-method> <!-- setUp -->
        <test-method signature="verifyAddEmployee(java.lang.String, java.lang.String)[pri:3, instance:com.hrms.qa.testcases.PIMPageTest@7ce3cb8e]" started-at="2024-03-25T17:44:29Z" name="verifyAddEmployee" data-provider="getHrmsTestData" finished-at="2024-03-25T17:44:33Z" duration-ms="4150" status="PASS">
          <params>
            <param index="0">
              <value>
                <![CDATA[David]]>
              </value>
            </param>
            <param index="1">
              <value>
                <![CDATA[Cris]]>
              </value>
            </param>
          </params>
          <reporter-output>
          </reporter-output>
        </test-method> <!-- verifyAddEmployee -->
        <test-method is-config="true" signature="tearDown()[pri:0, instance:com.hrms.qa.testcases.PIMPageTest@7ce3cb8e]" started-at="2024-03-25T17:44:33Z" name="tearDown" finished-at="2024-03-25T17:44:36Z" duration-ms="2460" status="PASS">
          <reporter-output>
          </reporter-output>
        </test-method> <!-- tearDown -->
        <test-method is-config="true" signature="setUp()[pri:0, instance:com.hrms.qa.testcases.PIMPageTest@7ce3cb8e]" started-at="2024-03-25T17:44:36Z" name="setUp" finished-at="2024-03-25T17:44:56Z" duration-ms="20063" status="PASS">
          <reporter-output>
          </reporter-output>
        </test-method> <!-- setUp -->
        <test-method signature="verifyAddEmployee(java.lang.String, java.lang.String)[pri:3, instance:com.hrms.qa.testcases.PIMPageTest@7ce3cb8e]" started-at="2024-03-25T17:44:56Z" name="verifyAddEmployee" data-provider="getHrmsTestData" finished-at="2024-03-25T17:45:00Z" duration-ms="4674" status="PASS">
          <params>
            <param index="0">
              <value>
                <![CDATA[Mukta]]>
              </value>
            </param>
            <param index="1">
              <value>
                <![CDATA[Sharma]]>
              </value>
            </param>
          </params>
          <reporter-output>
          </reporter-output>
        </test-method> <!-- verifyAddEmployee -->
        <test-method is-config="true" signature="tearDown()[pri:0, instance:com.hrms.qa.testcases.PIMPageTest@7ce3cb8e]" started-at="2024-03-25T17:45:00Z" name="tearDown" finished-at="2024-03-25T17:45:03Z" duration-ms="2376" status="PASS">
          <reporter-output>
          </reporter-output>
        </test-method> <!-- tearDown -->
      </class> <!-- com.hrms.qa.testcases.PIMPageTest -->
      <class name="com.hrms.qa.testcases.LoginPageTest">
        <test-method is-config="true" signature="setUp()[pri:0, instance:com.hrms.qa.testcases.LoginPageTest@6ef888f6]" started-at="2024-03-25T17:41:40Z" name="setUp" finished-at="2024-03-25T17:41:51Z" duration-ms="10480" status="PASS">
          <reporter-output>
          </reporter-output>
        </test-method> <!-- setUp -->
        <test-method signature="validateLoginPageTitle()[pri:1, instance:com.hrms.qa.testcases.LoginPageTest@6ef888f6]" started-at="2024-03-25T17:41:51Z" name="validateLoginPageTitle" finished-at="2024-03-25T17:41:51Z" duration-ms="24" status="PASS">
          <reporter-output>
          </reporter-output>
        </test-method> <!-- validateLoginPageTitle -->
        <test-method is-config="true" signature="tearDown()[pri:0, instance:com.hrms.qa.testcases.LoginPageTest@6ef888f6]" started-at="2024-03-25T17:41:51Z" name="tearDown" finished-at="2024-03-25T17:41:51Z" duration-ms="383" status="PASS">
          <reporter-output>
          </reporter-output>
        </test-method> <!-- tearDown -->
        <test-method is-config="true" signature="setUp()[pri:0, instance:com.hrms.qa.testcases.LoginPageTest@6ef888f6]" started-at="2024-03-25T17:42:32Z" name="setUp" finished-at="2024-03-25T17:42:43Z" duration-ms="11111" status="PASS">
          <reporter-output>
          </reporter-output>
        </test-method> <!-- setUp -->
        <test-method signature="validateIntroTxt()[pri:2, instance:com.hrms.qa.testcases.LoginPageTest@6ef888f6]" started-at="2024-03-25T17:42:43Z" name="validateIntroTxt" finished-at="2024-03-25T17:42:43Z" duration-ms="108" status="PASS">
          <reporter-output>
          </reporter-output>
        </test-method> <!-- validateIntroTxt -->
        <test-method is-config="true" signature="tearDown()[pri:0, instance:com.hrms.qa.testcases.LoginPageTest@6ef888f6]" started-at="2024-03-25T17:42:43Z" name="tearDown" finished-at="2024-03-25T17:42:44Z" duration-ms="258" status="PASS">
          <reporter-output>
          </reporter-output>
        </test-method> <!-- tearDown -->
        <test-method is-config="true" signature="setUp()[pri:0, instance:com.hrms.qa.testcases.LoginPageTest@6ef888f6]" started-at="2024-03-25T17:43:19Z" name="setUp" finished-at="2024-03-25T17:43:24Z" duration-ms="5066" status="PASS">
          <reporter-output>
          </reporter-output>
        </test-method> <!-- setUp -->
        <test-method signature="loginTest()[pri:3, instance:com.hrms.qa.testcases.LoginPageTest@6ef888f6]" started-at="2024-03-25T17:43:24Z" name="loginTest" finished-at="2024-03-25T17:43:30Z" duration-ms="5845" status="PASS">
          <reporter-output>
          </reporter-output>
        </test-method> <!-- loginTest -->
        <test-method is-config="true" signature="tearDown()[pri:0, instance:com.hrms.qa.testcases.LoginPageTest@6ef888f6]" started-at="2024-03-25T17:43:30Z" name="tearDown" finished-at="2024-03-25T17:43:30Z" duration-ms="259" status="PASS">
          <reporter-output>
          </reporter-output>
        </test-method> <!-- tearDown -->
      </class> <!-- com.hrms.qa.testcases.LoginPageTest -->
      <class name="com.hrms.qa.testcases.HomePageTest">
        <test-method is-config="true" signature="setUp()[pri:0, instance:com.hrms.qa.testcases.HomePageTest@10e92f8f]" started-at="2024-03-25T17:41:51Z" name="setUp" finished-at="2024-03-25T17:42:02Z" duration-ms="10915" status="PASS">
          <reporter-output>
          </reporter-output>
        </test-method> <!-- setUp -->
        <test-method signature="verifyPageTitle()[pri:1, instance:com.hrms.qa.testcases.HomePageTest@10e92f8f]" started-at="2024-03-25T17:42:02Z" name="verifyPageTitle" finished-at="2024-03-25T17:42:02Z" duration-ms="28" status="PASS">
          <reporter-output>
          </reporter-output>
        </test-method> <!-- verifyPageTitle -->
        <test-method is-config="true" signature="tearDown()[pri:0, instance:com.hrms.qa.testcases.HomePageTest@10e92f8f]" started-at="2024-03-25T17:42:02Z" name="tearDown" finished-at="2024-03-25T17:42:05Z" duration-ms="2476" status="PASS">
          <reporter-output>
          </reporter-output>
        </test-method> <!-- tearDown -->
        <test-method is-config="true" signature="setUp()[pri:0, instance:com.hrms.qa.testcases.HomePageTest@10e92f8f]" started-at="2024-03-25T17:42:44Z" name="setUp" finished-at="2024-03-25T17:42:55Z" duration-ms="11066" status="PASS">
          <reporter-output>
          </reporter-output>
        </test-method> <!-- setUp -->
        <test-method signature="verifyUsername()[pri:2, instance:com.hrms.qa.testcases.HomePageTest@10e92f8f]" started-at="2024-03-25T17:42:55Z" name="verifyUsername" finished-at="2024-03-25T17:42:55Z" duration-ms="115" status="PASS">
          <reporter-output>
          </reporter-output>
        </test-method> <!-- verifyUsername -->
        <test-method is-config="true" signature="tearDown()[pri:0, instance:com.hrms.qa.testcases.HomePageTest@10e92f8f]" started-at="2024-03-25T17:42:55Z" name="tearDown" finished-at="2024-03-25T17:42:57Z" duration-ms="2575" status="PASS">
          <reporter-output>
          </reporter-output>
        </test-method> <!-- tearDown -->
        <test-method is-config="true" signature="setUp()[pri:0, instance:com.hrms.qa.testcases.HomePageTest@10e92f8f]" started-at="2024-03-25T17:43:30Z" name="setUp" finished-at="2024-03-25T17:43:41Z" duration-ms="10835" status="PASS">
          <reporter-output>
          </reporter-output>
        </test-method> <!-- setUp -->
        <test-method signature="verifyAdminLink()[pri:3, instance:com.hrms.qa.testcases.HomePageTest@10e92f8f]" started-at="2024-03-25T17:43:41Z" name="verifyAdminLink" finished-at="2024-03-25T17:43:42Z" duration-ms="1550" status="PASS">
          <reporter-output>
          </reporter-output>
        </test-method> <!-- verifyAdminLink -->
        <test-method is-config="true" signature="tearDown()[pri:0, instance:com.hrms.qa.testcases.HomePageTest@10e92f8f]" started-at="2024-03-25T17:43:42Z" name="tearDown" finished-at="2024-03-25T17:43:45Z" duration-ms="2397" status="PASS">
          <reporter-output>
          </reporter-output>
        </test-method> <!-- tearDown -->
        <test-method is-config="true" signature="setUp()[pri:0, instance:com.hrms.qa.testcases.HomePageTest@10e92f8f]" started-at="2024-03-25T17:45:03Z" name="setUp" finished-at="2024-03-25T17:45:14Z" duration-ms="11134" status="PASS">
          <reporter-output>
          </reporter-output>
        </test-method> <!-- setUp -->
        <test-method signature="verifyPimLink()[pri:4, instance:com.hrms.qa.testcases.HomePageTest@10e92f8f]" started-at="2024-03-25T17:45:14Z" name="verifyPimLink" finished-at="2024-03-25T17:45:15Z" duration-ms="1122" status="PASS">
          <reporter-output>
          </reporter-output>
        </test-method> <!-- verifyPimLink -->
        <test-method is-config="true" signature="tearDown()[pri:0, instance:com.hrms.qa.testcases.HomePageTest@10e92f8f]" started-at="2024-03-25T17:45:15Z" name="tearDown" finished-at="2024-03-25T17:45:17Z" duration-ms="2426" status="PASS">
          <reporter-output>
          </reporter-output>
        </test-method> <!-- tearDown -->
        <test-method is-config="true" signature="setUp()[pri:0, instance:com.hrms.qa.testcases.HomePageTest@10e92f8f]" started-at="2024-03-25T17:45:17Z" name="setUp" finished-at="2024-03-25T17:45:29Z" duration-ms="11253" status="PASS">
          <reporter-output>
          </reporter-output>
        </test-method> <!-- setUp -->
        <test-method signature="verifyLeaveLink()[pri:5, instance:com.hrms.qa.testcases.HomePageTest@10e92f8f]" started-at="2024-03-25T17:45:29Z" name="verifyLeaveLink" finished-at="2024-03-25T17:45:32Z" duration-ms="2934" status="PASS">
          <reporter-output>
          </reporter-output>
        </test-method> <!-- verifyLeaveLink -->
        <test-method is-config="true" signature="tearDown()[pri:0, instance:com.hrms.qa.testcases.HomePageTest@10e92f8f]" started-at="2024-03-25T17:45:32Z" name="tearDown" finished-at="2024-03-25T17:45:34Z" duration-ms="2352" status="PASS">
          <reporter-output>
          </reporter-output>
        </test-method> <!-- tearDown -->
        <test-method is-config="true" signature="setUp()[pri:0, instance:com.hrms.qa.testcases.HomePageTest@10e92f8f]" started-at="2024-03-25T17:45:34Z" name="setUp" finished-at="2024-03-25T17:45:43Z" duration-ms="8856" status="PASS">
          <reporter-output>
          </reporter-output>
        </test-method> <!-- setUp -->
        <test-method signature="verifClickCheckBox()[pri:6, instance:com.hrms.qa.testcases.HomePageTest@10e92f8f]" started-at="2024-03-25T17:45:43Z" name="verifClickCheckBox" finished-at="2024-03-25T17:45:56Z" duration-ms="12819" status="PASS">
          <reporter-output>
          </reporter-output>
        </test-method> <!-- verifClickCheckBox -->
        <test-method is-config="true" signature="tearDown()[pri:0, instance:com.hrms.qa.testcases.HomePageTest@10e92f8f]" started-at="2024-03-25T17:45:56Z" name="tearDown" finished-at="2024-03-25T17:45:58Z" duration-ms="2568" status="PASS">
          <reporter-output>
          </reporter-output>
        </test-method> <!-- tearDown -->
      </class> <!-- com.hrms.qa.testcases.HomePageTest -->
    </test> <!-- HRMS Test Case1 -->
  </suite> <!-- HRMS Test Suite -->
</testng-results>
